2021-06-03 18:17:01 info: XVBA Live Server extension is now active!
2021-06-03 18:17:01 debug: Start Watch Excel Export VBA Files
2021-06-03 18:17:01 debug: Start Run Macro Server
2021-06-03 18:17:01 info: XVBA Ribbon Starts
2021-06-03 19:19:58 debug: Close Watch Excel Export VBA Files
2021-06-04 10:36:00 info: XVBA Live Server extension is now active!
2021-06-04 10:36:00 debug: Start Watch Excel Export VBA Files
2021-06-04 10:36:00 debug: Start Run Macro Server
2021-06-04 10:36:00 info: XVBA Ribbon Starts
2021-06-04 19:08:46 debug: Close Watch Excel Export VBA Files
2021-06-07 10:36:04 info: XVBA Live Server extension is now active!
2021-06-07 10:36:04 debug: Start Watch Excel Export VBA Files
2021-06-07 10:36:04 debug: Start Run Macro Server
2021-06-07 10:36:04 info: XVBA Ribbon Starts
2021-06-07 10:38:56 debug: Close Watch Excel Export VBA Files
2021-06-09 11:33:49 info: XVBA Live Server extension is now active!
2021-06-09 11:33:49 debug: Start Watch Excel Export VBA Files
2021-06-09 11:33:49 debug: Start Run Macro Server
2021-06-09 11:33:49 info: XVBA Ribbon Starts
2021-06-09 14:35:55 debug: Close Watch Excel Export VBA Files
2021-06-10 11:45:18 info: XVBA Live Server extension is now active!
2021-06-10 11:45:18 debug: Start Watch Excel Export VBA Files
2021-06-10 11:45:18 debug: Start Run Macro Server
2021-06-10 11:45:18 info: XVBA Ribbon Starts
2021-06-10 11:52:06 debug: Close Watch Excel Export VBA Files
2021-06-11 16:20:34 info: XVBA Live Server extension is now active!
2021-06-11 16:20:34 info: XVBA Ribbon Starts
2021-06-11 16:20:34 debug: Start Watch Excel Export VBA Files
2021-06-11 16:20:34 debug: Start Run Macro Server
2021-06-11 19:06:51 debug: Close Watch Excel Export VBA Files
2021-06-14 11:35:41 info: XVBA Live Server extension is now active!
2021-06-14 11:35:41 debug: Start Watch Excel Export VBA Files
2021-06-14 11:35:41 debug: Start Run Macro Server
2021-06-14 11:35:41 info: XVBA Ribbon Starts
2021-06-14 15:06:57 debug: Close Watch Excel Export VBA Files
2021-06-14 15:07:30 info: XVBA Live Server extension is now active!
2021-06-14 15:07:30 debug: Start Watch Excel Export VBA Files
2021-06-14 15:07:30 debug: Start Run Macro Server
2021-06-14 15:07:30 info: XVBA Ribbon Starts
2021-06-14 19:28:29 debug: Close Watch Excel Export VBA Files
2021-06-15 10:48:14 info: XVBA Live Server extension is now active!
2021-06-15 10:48:14 debug: Start Watch Excel Export VBA Files
2021-06-15 10:48:14 debug: Start Run Macro Server
2021-06-15 10:48:14 info: XVBA Ribbon Starts
2021-06-16 18:54:38 debug: Close Watch Excel Export VBA Files
2021-06-16 18:54:59 info: XVBA Live Server extension is now active!
2021-06-16 18:54:59 debug: Start Watch Excel Export VBA Files
2021-06-16 18:54:59 debug: Start Run Macro Server
2021-06-16 18:54:59 info: XVBA Ribbon Starts
2021-06-16 19:01:00 debug: Close Watch Excel Export VBA Files
2021-06-16 19:01:06 info: XVBA Live Server extension is now active!
2021-06-16 19:01:06 debug: Start Watch Excel Export VBA Files
2021-06-16 19:01:06 debug: Start Run Macro Server
2021-06-16 19:01:06 info: XVBA Ribbon Starts
